#
# There is insufficient memory for the Java Runtime Environment to continue.
# Native memory allocation (malloc) failed to allocate 1127856 bytes. Error detail: Chunk::new
# Possible reasons:
#   The system is out of physical RAM or swap space
#   This process is running with CompressedOops enabled, and the Java Heap may be blocking the growth of the native heap
# Possible solutions:
#   Reduce memory load on the system
#   Increase physical memory or swap space
#   Check if swap backing store is full
#   Decrease Java heap size (-Xmx/-Xms)
#   Decrease number of Java threads
#   Decrease Java thread stack sizes (-Xss)
#   Set larger code cache with -XX:ReservedCodeCacheSize=
#   JVM is running with Zero Based Compressed Oops mode in which the Java heap is
#     placed in the first 32GB address space. The Java Heap base address is the
#     maximum limit for the native heap growth. Please use -XX:HeapBaseMinAddress
#     to set the Java Heap base and to place the Java Heap above 32GB virtual address.
# This output file may be truncated or incomplete.
#
#  Out of Memory Error (arena.cpp:191), pid=80, tid=6280
#
# JRE version: OpenJDK Runtime Environment Microsoft-10376486 (17.0.13+11) (build 17.0.13+11-LTS)
# Java VM: OpenJDK 64-Bit Server VM Microsoft-10376486 (17.0.13+11-LTS, mixed mode, sharing, tiered, compressed oops, compressed class ptrs, g1 gc, windows-amd64)
# No core dump will be written. Minidumps are not enabled by default on client versions of Windows
#

---------------  S U M M A R Y ------------

Command Line: --add-opens=java.base/java.lang=ALL-UNNAMED --add-opens=java.base/java.lang.invoke=ALL-UNNAMED --add-opens=java.base/java.util=ALL-UNNAMED --add-opens=java.prefs/java.util.prefs=ALL-UNNAMED --add-exports=jdk.compiler/com.sun.tools.javac.api=ALL-UNNAMED --add-exports=jdk.compiler/com.sun.tools.javac.util=ALL-UNNAMED --add-opens=java.base/java.util=ALL-UNNAMED --add-opens=java.prefs/java.util.prefs=ALL-UNNAMED --add-opens=java.base/java.nio.charset=ALL-UNNAMED --add-opens=java.base/java.net=ALL-UNNAMED --add-opens=java.base/java.util.concurrent.atomic=ALL-UNNAMED --add-opens=java.xml/javax.xml.namespace=ALL-UNNAMED -XX:MaxMetaspaceSize=512m -Xmx4096m -Dfile.encoding=UTF-8 -Duser.country=IN -Duser.language=en -Duser.variant -javaagent:C:\Users\rajai\.gradle\wrapper\dists\gradle-8.12-all\ejduaidbjup3bmmkhw3rie4zb\gradle-8.12\lib\agents\gradle-instrumentation-agent-8.12.jar org.gradle.launcher.daemon.bootstrap.GradleDaemon 8.12

Host: Intel(R) Core(TM) i3-7020U CPU @ 2.30GHz, 4 cores, 7G,  Windows 10 , 64 bit Build 19041 (10.0.19041.5915)
Time: Thu Nov 13 18:11:03 2025 India Standard Time elapsed time: 42.039047 seconds (0d 0h 0m 42s)

---------------  T H R E A D  ---------------

Current thread (0x0000022666d3b5b0):  JavaThread "C2 CompilerThread1" daemon [_thread_in_native, id=6280, stack(0x0000005164100000,0x0000005164200000)]


Current CompileTask:
C2:  42039 8687 %     4       org.gradle.internal.instantiation.generator.AbstractClassGenerator::inspectType @ 107 (560 bytes)

Stack: [0x0000005164100000,0x0000005164200000]
Native frames: (J=compiled Java code, j=interpreted, Vv=VM code, C=native code)
V  [jvm.dll+0x687fc9]
V  [jvm.dll+0x83eeb8]
V  [jvm.dll+0x840963]
V  [jvm.dll+0x840fd3]
V  [jvm.dll+0x24951f]
V  [jvm.dll+0xad0c4]
V  [jvm.dll+0xad75c]
V  [jvm.dll+0x36aaaf]
V  [jvm.dll+0x1bcd72]
V  [jvm.dll+0x21a8bc]
V  [jvm.dll+0x219b7f]
V  [jvm.dll+0x1a5506]
V  [jvm.dll+0x22a1ca]
V  [jvm.dll+0x22830b]
V  [jvm.dll+0x7f4708]
V  [jvm.dll+0x7eea6c]
V  [jvm.dll+0x686ea7]
C  [ucrtbase.dll+0x21bb2]
C  [KERNEL32.DLL+0x17374]
C  [ntdll.dll+0x4cc91]


---------------  P R O C E S S  ---------------

Threads class SMR info:
_java_thread_list=0x0000022665733950, length=59, elements={
0x00000226210c52f0, 0x00000226438bcf40, 0x00000226438bda10, 0x00000226438d2250,
0x00000226438d4c30, 0x00000226438d5500, 0x00000226438d5dd0, 0x00000226438d6a80,
0x0000022643943a10, 0x000002264392e8e0, 0x00000226438a1340, 0x0000022643a69d40,
0x00000226647ce7f0, 0x0000022643cd21a0, 0x000002266422fa50, 0x0000022663c18e70,
0x0000022663c19350, 0x00000226641dbfa0, 0x00000226641dc4b0, 0x00000226641db070,
0x00000226641dc9c0, 0x00000226641dde00, 0x00000226641de820, 0x00000226641db580,
0x00000226641dced0, 0x00000226641dd3e0, 0x00000226641dd8f0, 0x00000226641de310,
0x0000022666823e90, 0x0000022666820bf0, 0x0000022666821610, 0x0000022666823980,
0x0000022666b132b0, 0x0000022666b14c00, 0x0000022666b15620, 0x0000022666b16a60,
0x0000022666b12890, 0x0000022666b11960, 0x0000022666b15b30, 0x0000022666b137c0,
0x0000022666b13cd0, 0x0000022666b15110, 0x0000022666b16040, 0x0000022666b146f0,
0x0000022666b11e70, 0x0000022666b141e0, 0x0000022666b12380, 0x0000022666b12da0,
0x0000022666b16550, 0x0000022666b16f70, 0x0000022666b17480, 0x0000022666b10010,
0x0000022666d3b5b0, 0x0000022666b10520, 0x0000022666b10a30, 0x0000022666b10f40,
0x000002266658b140, 0x0000022666585110, 0x0000022666585b30
}

Java Threads: ( => current thread )
  0x00000226210c52f0 JavaThread "main" [_thread_blocked, id=8128, stack(0x0000005160300000,0x0000005160400000)]
  0x00000226438bcf40 JavaThread "Reference Handler" daemon [_thread_blocked, id=4124, stack(0x0000005160a00000,0x0000005160b00000)]
  0x00000226438bda10 JavaThread "Finalizer" daemon [_thread_blocked, id=12924, stack(0x0000005160b00000,0x0000005160c00000)]
  0x00000226438d2250 JavaThread "Signal Dispatcher" daemon [_thread_blocked, id=1356, stack(0x0000005160c00000,0x0000005160d00000)]
  0x00000226438d4c30 JavaThread "Attach Listener" daemon [_thread_blocked, id=7204, stack(0x0000005160d00000,0x0000005160e00000)]
  0x00000226438d5500 JavaThread "Service Thread" daemon [_thread_blocked, id=7648, stack(0x0000005160e00000,0x0000005160f00000)]
  0x00000226438d5dd0 JavaThread "Monitor Deflation Thread" daemon [_thread_blocked, id=13652, stack(0x0000005160f00000,0x0000005161000000)]
  0x00000226438d6a80 JavaThread "C2 CompilerThread0" daemon [_thread_blocked, id=15548, stack(0x0000005161000000,0x0000005161100000)]
  0x0000022643943a10 JavaThread "C1 CompilerThread0" daemon [_thread_blocked, id=12876, stack(0x0000005161100000,0x0000005161200000)]
  0x000002264392e8e0 JavaThread "Sweeper thread" daemon [_thread_blocked, id=10804, stack(0x0000005161200000,0x0000005161300000)]
  0x00000226438a1340 JavaThread "Common-Cleaner" daemon [_thread_blocked, id=6204, stack(0x0000005161300000,0x0000005161400000)]
  0x0000022643a69d40 JavaThread "Notification Thread" daemon [_thread_blocked, id=4856, stack(0x0000005161400000,0x0000005161500000)]
  0x00000226647ce7f0 JavaThread "Daemon health stats" [_thread_blocked, id=3020, stack(0x0000005161900000,0x0000005161a00000)]
  0x0000022643cd21a0 JavaThread "Incoming local TCP Connector on port 53596" [_thread_in_native, id=4048, stack(0x0000005161a00000,0x0000005161b00000)]
  0x000002266422fa50 JavaThread "Daemon periodic checks" [_thread_blocked, id=15388, stack(0x0000005161b00000,0x0000005161c00000)]
  0x0000022663c18e70 JavaThread "Daemon" [_thread_blocked, id=14716, stack(0x0000005161c00000,0x0000005161d00000)]
  0x0000022663c19350 JavaThread "Handler for socket connection from /127.0.0.1:53596 to /127.0.0.1:53597" [_thread_in_native, id=7900, stack(0x0000005161d00000,0x0000005161e00000)]
  0x00000226641dbfa0 JavaThread "Cancel handler" [_thread_blocked, id=10800, stack(0x0000005161e00000,0x0000005161f00000)]
  0x00000226641dc4b0 JavaThread "Daemon worker" [_thread_blocked, id=12944, stack(0x0000005161f00000,0x0000005162000000)]
  0x00000226641db070 JavaThread "Asynchronous log dispatcher for DefaultDaemonConnection: socket connection from /127.0.0.1:53596 to /127.0.0.1:53597" [_thread_blocked, id=10636, stack(0x0000005162000000,0x0000005162100000)]
  0x00000226641dc9c0 JavaThread "Stdin handler" [_thread_blocked, id=16316, stack(0x0000005162100000,0x0000005162200000)]
  0x00000226641dde00 JavaThread "Daemon client event forwarder" [_thread_blocked, id=5968, stack(0x0000005162200000,0x0000005162300000)]
  0x00000226641de820 JavaThread "Cache worker for journal cache (C:\Users\rajai\.gradle\caches\journal-1)" [_thread_blocked, id=11544, stack(0x0000005162400000,0x0000005162500000)]
  0x00000226641db580 JavaThread "File lock request listener" [_thread_in_native, id=8488, stack(0x0000005162500000,0x0000005162600000)]
  0x00000226641dced0 JavaThread "Cache worker for file hash cache (C:\Users\rajai\.gradle\caches\8.12\fileHashes)" [_thread_blocked, id=11980, stack(0x0000005162300000,0x0000005162400000)]
  0x00000226641dd3e0 JavaThread "Cache worker for file hash cache (G:\PhotoApp\android\.gradle\8.12\fileHashes)" [_thread_blocked, id=2960, stack(0x0000005162700000,0x0000005162800000)]
  0x00000226641dd8f0 JavaThread "Cache worker for Build Output Cleanup Cache (G:\PhotoApp\android\.gradle\buildOutputCleanup)" [_thread_blocked, id=3272, stack(0x0000005162800000,0x0000005162900000)]
  0x00000226641de310 JavaThread "File watcher server" daemon [_thread_in_native, id=14516, stack(0x0000005162600000,0x0000005162700000)]
  0x0000022666823e90 JavaThread "File watcher consumer" daemon [_thread_blocked, id=6152, stack(0x0000005162900000,0x0000005162a00000)]
  0x0000022666820bf0 JavaThread "jar transforms" [_thread_blocked, id=6092, stack(0x0000005162b00000,0x0000005162c00000)]
  0x0000022666821610 JavaThread "Cache worker for checksums cache (G:\PhotoApp\android\.gradle\8.12\checksums)" [_thread_blocked, id=832, stack(0x0000005162c00000,0x0000005162d00000)]
  0x0000022666823980 JavaThread "Cache worker for file content cache (C:\Users\rajai\.gradle\caches\8.12\fileContent)" [_thread_blocked, id=2060, stack(0x0000005162d00000,0x0000005162e00000)]
  0x0000022666b132b0 JavaThread "Cache worker for cache directory md-rule (C:\Users\rajai\.gradle\caches\8.12\md-rule)" [_thread_blocked, id=11104, stack(0x0000005162e00000,0x0000005162f00000)]
  0x0000022666b14c00 JavaThread "Cache worker for cache directory md-supplier (C:\Users\rajai\.gradle\caches\8.12\md-supplier)" [_thread_blocked, id=3220, stack(0x0000005162f00000,0x0000005163000000)]
  0x0000022666b15620 JavaThread "Cache worker for Build Output Cleanup Cache (G:\PhotoApp\node_modules\@react-native\gradle-plugin\.gradle\buildOutputCleanup)" [_thread_blocked, id=3444, stack(0x0000005163000000,0x0000005163100000)]
  0x0000022666b16a60 JavaThread "Unconstrained build operations" [_thread_blocked, id=14660, stack(0x0000005163100000,0x0000005163200000)]
  0x0000022666b12890 JavaThread "Unconstrained build operations Thread 2" [_thread_blocked, id=9828, stack(0x0000005162a00000,0x0000005162b00000)]
  0x0000022666b11960 JavaThread "Unconstrained build operations Thread 3" [_thread_blocked, id=6620, stack(0x0000005163200000,0x0000005163300000)]
  0x0000022666b15b30 JavaThread "Unconstrained build operations Thread 4" [_thread_blocked, id=4376, stack(0x0000005163300000,0x0000005163400000)]
  0x0000022666b137c0 JavaThread "Unconstrained build operations Thread 5" [_thread_blocked, id=12004, stack(0x0000005163500000,0x0000005163600000)]
  0x0000022666b13cd0 JavaThread "Unconstrained build operations Thread 6" [_thread_blocked, id=15408, stack(0x0000005163600000,0x0000005163700000)]
  0x0000022666b15110 JavaThread "Unconstrained build operations Thread 7" [_thread_blocked, id=8036, stack(0x0000005163700000,0x0000005163800000)]
  0x0000022666b16040 JavaThread "Unconstrained build operations Thread 8" [_thread_blocked, id=9716, stack(0x0000005163800000,0x0000005163900000)]
  0x0000022666b146f0 JavaThread "Unconstrained build operations Thread 9" [_thread_blocked, id=14416, stack(0x0000005163900000,0x0000005163a00000)]
  0x0000022666b11e70 JavaThread "Unconstrained build operations Thread 10" [_thread_blocked, id=14840, stack(0x0000005163a00000,0x0000005163b00000)]
  0x0000022666b141e0 JavaThread "Unconstrained build operations Thread 11" [_thread_blocked, id=13540, stack(0x0000005163b00000,0x0000005163c00000)]
  0x0000022666b12380 JavaThread "Unconstrained build operations Thread 12" [_thread_blocked, id=2308, stack(0x0000005163c00000,0x0000005163d00000)]
  0x0000022666b12da0 JavaThread "Unconstrained build operations Thread 13" [_thread_blocked, id=12520, stack(0x0000005163d00000,0x0000005163e00000)]
  0x0000022666b16550 JavaThread "Unconstrained build operations Thread 14" [_thread_blocked, id=6300, stack(0x0000005163e00000,0x0000005163f00000)]
  0x0000022666b16f70 JavaThread "Unconstrained build operations Thread 15" [_thread_blocked, id=13868, stack(0x0000005163f00000,0x0000005164000000)]
  0x0000022666b17480 JavaThread "build event listener" [_thread_blocked, id=3492, stack(0x0000005163400000,0x0000005163500000)]
  0x0000022666b10010 JavaThread "Memory manager" [_thread_blocked, id=8120, stack(0x0000005164000000,0x0000005164100000)]
=>0x0000022666d3b5b0 JavaThread "C2 CompilerThread1" daemon [_thread_in_native, id=6280, stack(0x0000005164100000,0x0000005164200000)]
  0x0000022666b10520 JavaThread "ForkJoinPool.commonPool-worker-1" daemon [_thread_blocked, id=12836, stack(0x0000005164400000,0x0000005164500000)]
  0x0000022666b10a30 JavaThread "ForkJoinPool.commonPool-worker-2" daemon [_thread_blocked, id=14796, stack(0x0000005164500000,0x0000005164600000)]
  0x0000022666b10f40 JavaThread "ForkJoinPool.commonPool-worker-3" daemon [_thread_blocked, id=8084, stack(0x0000005164600000,0x0000005164700000)]
  0x000002266658b140 JavaThread "Exec process" [_thread_in_native, id=2172, stack(0x0000005164700000,0x0000005164800000)]
  0x0000022666585110 JavaThread "Exec process Thread 2" [_thread_in_native, id=7584, stack(0x0000005164800000,0x0000005164900000)]
  0x0000022666585b30 JavaThread "Exec process Thread 3" [_thread_in_native, id=15964, stack(0x0000005164900000,0x0000005164a00000)]

Other Threads:
  0x00000226438b3a60 VMThread "VM Thread" [stack: 0x0000005160900000,0x0000005160a00000] [id=268]
  0x00000226210c5e00 WatcherThread [stack: 0x0000005161500000,0x0000005161600000] [id=1644]
  0x00000226211304c0 GCTaskThread "GC Thread#0" [stack: 0x0000005160400000,0x0000005160500000] [id=11568]
  0x0000022643be13a0 GCTaskThread "GC Thread#1" [stack: 0x0000005161600000,0x0000005161700000] [id=5964]
  0x0000022643be1660 GCTaskThread "GC Thread#2" [stack: 0x0000005161700000,0x0000005161800000] [id=8220]
  0x0000022663b27e40 GCTaskThread "GC Thread#3" [stack: 0x0000005161800000,0x0000005161900000] [id=4776]
  0x00000226211411c0 ConcurrentGCThread "G1 Main Marker" [stack: 0x0000005160500000,0x0000005160600000] [id=1076]
  0x0000022621141990 ConcurrentGCThread "G1 Conc#0" [stack: 0x0000005160600000,0x0000005160700000] [id=6248]
  0x00000226437700a0 ConcurrentGCThread "G1 Refine#0" [stack: 0x0000005160700000,0x0000005160800000] [id=6464]
  0x0000022643770880 ConcurrentGCThread "G1 Service" [stack: 0x0000005160800000,0x0000005160900000] [id=12840]

Threads with active compile tasks:
C2 CompilerThread1    42103 8687 %     4       org.gradle.internal.instantiation.generator.AbstractClassGenerator::inspectType @ 107 (560 bytes)

VM state: not at safepoint (normal execution)

VM Mutex/Monitor currently owned by a thread: None

Heap address: 0x0000000700000000, size: 4096 MB, Compressed Oops mode: Zero based, Oop shift amount: 3

CDS archive(s) mapped at: [0x0000022644000000-0x0000022644bb0000-0x0000022644bb0000), size 12255232, SharedBaseAddress: 0x0000022644000000, ArchiveRelocationMode: 1.
Compressed class space mapped at: 0x0000022645000000-0x000002265f000000, reserved size: 436207616
Narrow klass base: 0x0000022644000000, Narrow klass shift: 0, Narrow klass range: 0x100000000

GC Precious Log:
 CPUs: 4 total, 4 available
 Memory: 8057M
 Large Page Support: Disabled
 NUMA Support: Disabled
 Compressed Oops: Enabled (Zero based)
 Heap Region Size: 2M
 Heap Min Capacity: 8M
 Heap Initial Capacity: 126M
 Heap Max Capacity: 4G
 Pre-touch: Disabled
 Parallel Workers: 4
 Concurrent Workers: 1
 Concurrent Refinement Workers: 4
 Periodic GC: Disabled

Heap:
 garbage-first heap   total 133120K, used 82139K [0x0000000700000000, 0x0000000800000000)
  region size 2048K, 7 young (14336K), 2 survivors (4096K)
 Metaspace       used 68785K, committed 69568K, reserved 491520K
  class space    used 9743K, committed 10112K, reserved 425984K

Heap Regions: E=young(eden), S=young(survivor), O=old, HS=humongous(starts), HC=humongous(continues), CS=collection set, F=free, OA=open archive, CA=closed archive, TAMS=top-at-mark-start (previous, next)
|   0|0x0000000700000000, 0x0000000700200000, 0x0000000700200000|100%|HS|  |TAMS 0x0000000700200000, 0x0000000700000000| Complete 
|   1|0x0000000700200000, 0x0000000700400000, 0x0000000700400000|100%|HC|  |TAMS 0x0000000700400000, 0x0000000700200000| Complete 
|   2|0x0000000700400000, 0x0000000700600000, 0x0000000700600000|100%| O|  |TAMS 0x0000000700600000, 0x0000000700400000| Untracked 
|   3|0x0000000700600000, 0x0000000700800000, 0x0000000700800000|100%| O|  |TAMS 0x0000000700800000, 0x0000000700600000| Untracked 
|   4|0x0000000700800000, 0x0000000700a00000, 0x0000000700a00000|100%| O|  |TAMS 0x0000000700a00000, 0x0000000700800000| Untracked 
|   5|0x0000000700a00000, 0x0000000700c00000, 0x0000000700c00000|100%| O|  |TAMS 0x0000000700c00000, 0x0000000700a00000| Untracked 
|   6|0x0000000700c00000, 0x0000000700e00000, 0x0000000700e00000|100%| O|  |TAMS 0x0000000700e00000, 0x0000000700c00000| Untracked 
|   7|0x0000000700e00000, 0x0000000701000000, 0x0000000701000000|100%| O|  |TAMS 0x0000000701000000, 0x0000000700e00000| Untracked 
|   8|0x0000000701000000, 0x0000000701200000, 0x0000000701200000|100%| O|  |TAMS 0x0000000701200000, 0x0000000701000000| Untracked 
|   9|0x0000000701200000, 0x0000000701400000, 0x0000000701400000|100%| O|  |TAMS 0x0000000701400000, 0x0000000701200000| Untracked 
|  10|0x0000000701400000, 0x0000000701600000, 0x0000000701600000|100%| O|  |TAMS 0x0000000701600000, 0x0000000701400000| Untracked 
|  11|0x0000000701600000, 0x0000000701800000, 0x0000000701800000|100%| O|  |TAMS 0x0000000701800000, 0x0000000701600000| Untracked 
|  12|0x0000000701800000, 0x0000000701a00000, 0x0000000701a00000|100%| O|  |TAMS 0x0000000701a00000, 0x0000000701800000| Untracked 
|  13|0x0000000701a00000, 0x0000000701c00000, 0x0000000701c00000|100%| O|  |TAMS 0x0000000701c00000, 0x0000000701a00000| Untracked 
|  14|0x0000000701c00000, 0x0000000701e00000, 0x0000000701e00000|100%| O|  |TAMS 0x0000000701e00000, 0x0000000701c00000| Untracked 
|  15|0x0000000701e00000, 0x0000000702000000, 0x0000000702000000|100%| O|  |TAMS 0x0000000702000000, 0x0000000701e00000| Untracked 
|  16|0x0000000702000000, 0x0000000702200000, 0x0000000702200000|100%| O|  |TAMS 0x0000000702200000, 0x0000000702000000| Untracked 
|  17|0x0000000702200000, 0x0000000702400000, 0x0000000702400000|100%| O|  |TAMS 0x0000000702400000, 0x0000000702200000| Untracked 
|  18|0x0000000702400000, 0x0000000702400000, 0x0000000702600000|  0%| F|  |TAMS 0x0000000702400000, 0x0000000702400000| Untracked 
|  19|0x0000000702600000, 0x0000000702800000, 0x0000000702800000|100%| O|  |TAMS 0x0000000702800000, 0x0000000702600000| Untracked 
|  20|0x0000000702800000, 0x0000000702a00000, 0x0000000702a00000|100%| O|  |TAMS 0x0000000702a00000, 0x0000000702800000| Untracked 
|  21|0x0000000702a00000, 0x0000000702c00000, 0x0000000702c00000|100%| O|  |TAMS 0x0000000702c00000, 0x0000000702a00000| Untracked 
|  22|0x0000000702c00000, 0x0000000702e00000, 0x0000000702e00000|100%|HS|  |TAMS 0x0000000702e00000, 0x0000000702c00000| Complete 
|  23|0x0000000702e00000, 0x0000000703000000, 0x0000000703000000|100%|HS|  |TAMS 0x0000000703000000, 0x0000000702e00000| Complete 
|  24|0x0000000703000000, 0x0000000703200000, 0x0000000703200000|100%|HC|  |TAMS 0x0000000703200000, 0x0000000703000000| Complete 
|  25|0x0000000703200000, 0x0000000703400000, 0x0000000703400000|100%| O|  |TAMS 0x0000000703400000, 0x0000000703200000| Complete 
|  26|0x0000000703400000, 0x0000000703600000, 0x0000000703600000|100%| O|  |TAMS 0x0000000703600000, 0x0000000703400000| Untracked 
|  27|0x0000000703600000, 0x0000000703800000, 0x0000000703800000|100%|HS|  |TAMS 0x0000000703800000, 0x0000000703600000| Complete 
|  28|0x0000000703800000, 0x0000000703a00000, 0x0000000703a00000|100%| O|  |TAMS 0x0000000703a00000, 0x0000000703800000| Untracked 
|  29|0x0000000703a00000, 0x0000000703c00000, 0x0000000703c00000|100%|HS|  |TAMS 0x0000000703c00000, 0x0000000703a00000| Complete 
|  30|0x0000000703c00000, 0x0000000703e00000, 0x0000000703e00000|100%|HC|  |TAMS 0x0000000703e00000, 0x0000000703c00000| Complete 
|  31|0x0000000703e00000, 0x0000000704000000, 0x0000000704000000|100%| O|  |TAMS 0x0000000704000000, 0x0000000703e00000| Untracked 
|  32|0x0000000704000000, 0x0000000704200000, 0x0000000704200000|100%| O|  |TAMS 0x0000000704200000, 0x0000000704000000| Untracked 
|  33|0x0000000704200000, 0x0000000704400000, 0x0000000704400000|100%| O|  |TAMS 0x0000000704400000, 0x0000000704200000| Untracked 
|  34|0x0000000704400000, 0x0000000704600000, 0x0000000704600000|100%| O|  |TAMS 0x0000000704600000, 0x0000000704400000| Untracked 
|  35|0x0000000704600000, 0x0000000704800000, 0x0000000704800000|100%| O|  |TAMS 0x0000000704800000, 0x0000000704600000| Untracked 
|  36|0x0000000704800000, 0x0000000704828000, 0x0000000704a00000|  7%| O|  |TAMS 0x0000000704828000, 0x0000000704800000| Untracked 
|  37|0x0000000704a00000, 0x0000000704a00000, 0x0000000704c00000|  0%| F|  |TAMS 0x0000000704a00000, 0x0000000704a00000| Untracked 
|  38|0x0000000704c00000, 0x0000000704c00000, 0x0000000704e00000|  0%| F|  |TAMS 0x0000000704c00000, 0x0000000704c00000| Untracked 
|  39|0x0000000704e00000, 0x0000000704e00000, 0x0000000705000000|  0%| F|  |TAMS 0x0000000704e00000, 0x0000000704e00000| Untracked 
|  40|0x0000000705000000, 0x0000000705000000, 0x0000000705200000|  0%| F|  |TAMS 0x0000000705000000, 0x0000000705000000| Untracked 
|  41|0x0000000705200000, 0x0000000705200000, 0x0000000705400000|  0%| F|  |TAMS 0x0000000705200000, 0x0000000705200000| Untracked 
|  42|0x0000000705400000, 0x0000000705400000, 0x0000000705600000|  0%| F|  |TAMS 0x0000000705400000, 0x0000000705400000| Untracked 
|  43|0x0000000705600000, 0x0000000705600000, 0x0000000705800000|  0%| F|  |TAMS 0x0000000705600000, 0x0000000705600000| Untracked 
|  44|0x0000000705800000, 0x0000000705800000, 0x0000000705a00000|  0%| F|  |TAMS 0x0000000705800000, 0x0000000705800000| Untracked 
|  45|0x0000000705a00000, 0x0000000705a0edf8, 0x0000000705c00000|  2%| S|CS|TAMS 0x0000000705a00000, 0x0000000705a00000| Complete 
|  46|0x0000000705c00000, 0x0000000705e00000, 0x0000000705e00000|100%| S|CS|TAMS 0x0000000705c00000, 0x0000000705c00000| Complete 
|  47|0x0000000705e00000, 0x0000000705e00000, 0x0000000706000000|  0%| F|  |TAMS 0x0000000705e00000, 0x0000000705e00000| Untracked 
|  48|0x0000000706000000, 0x0000000706000000, 0x0000000706200000|  0%| F|  |TAMS 0x0000000706000000, 0x0000000706000000| Untracked 
|  49|0x0000000706200000, 0x0000000706200000, 0x0000000706400000|  0%| F|  |TAMS 0x0000000706200000, 0x0000000706200000| Untracked 
|  50|0x0000000706400000, 0x0000000706400000, 0x0000000706600000|  0%| F|  |TAMS 0x0000000706400000, 0x0000000706400000| Untracked 
|  51|0x0000000706600000, 0x0000000706600000, 0x0000000706800000|  0%| F|  |TAMS 0x0000000706600000, 0x0000000706600000| Untracked 
|  52|0x0000000706800000, 0x0000000706800000, 0x0000000706a00000|  0%| F|  |TAMS 0x0000000706800000, 0x0000000706800000| Untracked 
|  53|0x0000000706a00000, 0x0000000706a00000, 0x0000000706c00000|  0%| F|  |TAMS 0x0000000706a00000, 0x0000000706a00000| Untracked 
|  54|0x0000000706c00000, 0x0000000706c00000, 0x0000000706e00000|  0%| F|  |TAMS 0x0000000706c00000, 0x0000000706c00000| Untracked 
|  55|0x0000000706e00000, 0x0000000706e00000, 0x0000000707000000|  0%| F|  |TAMS 0x0000000706e00000, 0x0000000706e00000| Untracked 
|  56|0x0000000707000000, 0x0000000707000000, 0x0000000707200000|  0%| F|  |TAMS 0x0000000707000000, 0x0000000707000000| Untracked 
|  57|0x0000000707200000, 0x0000000707200000, 0x0000000707400000|  0%| F|  |TAMS 0x0000000707200000, 0x0000000707200000| Untracked 
|  58|0x0000000707400000, 0x0000000707400000, 0x0000000707600000|  0%| F|  |TAMS 0x0000000707400000, 0x0000000707400000| Untracked 
|  59|0x0000000707600000, 0x0000000707600000, 0x0000000707800000|  0%| F|  |TAMS 0x0000000707600000, 0x0000000707600000| Untracked 
|  60|0x0000000707800000, 0x000000070784e1f0, 0x0000000707a00000| 15%| E|  |TAMS 0x0000000707800000, 0x0000000707800000| Complete 
|  61|0x0000000707a00000, 0x0000000707c00000, 0x0000000707c00000|100%| E|CS|TAMS 0x0000000707a00000, 0x0000000707a00000| Complete 
|  62|0x0000000707c00000, 0x0000000707e00000, 0x0000000707e00000|100%| E|CS|TAMS 0x0000000707c00000, 0x0000000707c00000| Complete 
|  63|0x0000000707e00000, 0x0000000708000000, 0x0000000708000000|100%| E|CS|TAMS 0x0000000707e00000, 0x0000000707e00000| Complete 
|  64|0x0000000708000000, 0x0000000708200000, 0x0000000708200000|100%| E|CS|TAMS 0x0000000708000000, 0x0000000708000000| Complete 

Card table byte_map: [0x0000022638400000,0x0000022638c00000] _byte_map_base: 0x0000022634c00000

Marking Bits (Prev, Next): (CMBitMap*) 0x0000022621130890, (CMBitMap*) 0x00000226211308d0
 Prev Bits: [0x0000022639400000, 0x000002263d400000)
 Next Bits: [0x000002263d400000, 0x0000022641400000)

Polling page: 0x000002261ed80000

Metaspace:

Usage:
  Non-class:     57.66 MB used.
      Class:      9.52 MB used.
       Both:     67.17 MB used.

Virtual space:
  Non-class space:       64.00 MB reserved,      58.06 MB ( 91%) committed,  1 nodes.
      Class space:      416.00 MB reserved,       9.88 MB (  2%) committed,  1 nodes.
             Both:      480.00 MB reserved,      67.94 MB ( 14%) committed. 

Chunk freelists:
   Non-Class:  5.82 MB
       Class:  6.14 MB
        Both:  11.96 MB

MaxMetaspaceSize: 512.00 MB
CompressedClassSpaceSize: 416.00 MB
Initial GC threshold: 21.00 MB
Current GC threshold: 112.31 MB
CDS: on
MetaspaceReclaimPolicy: balanced
 - commit_granule_bytes: 65536.
 - commit_granule_words: 8192.
 - virtual_space_node_default_size: 8388608.
 - enlarge_chunks_in_place: 1.
 - new_chunks_are_fully_committed: 0.
 - uncommit_free_chunks: 1.
 - use_allocation_guard: 0.
 - handle_deallocations: 1.


Internal statistics:

num_allocs_failed_limit: 6.
num_arena_births: 1048.
num_arena_deaths: 0.
num_vsnodes_births: 2.
num_vsnodes_deaths: 0.
num_space_committed: 1087.
num_space_uncommitted: 0.
num_chunks_returned_to_freelist: 6.
num_chunks_taken_from_freelist: 4022.
num_chunk_merges: 6.
num_chunk_splits: 2596.
num_chunks_enlarged: 1634.
num_inconsistent_stats: 0.

CodeHeap 'non-profiled nmethods': size=120000Kb used=4893Kb max_used=4893Kb free=115106Kb
 bounds [0x00000226306d0000, 0x0000022630ba0000, 0x0000022637c00000]
CodeHeap 'profiled nmethods': size=120000Kb used=15502Kb max_used=15502Kb free=104497Kb
 bounds [0x0000022628c00000, 0x0000022629b30000, 0x0000022630130000]
CodeHeap 'non-nmethods': size=5760Kb used=2375Kb max_used=2465Kb free=3384Kb
 bounds [0x0000022630130000, 0x00000226303b0000, 0x00000226306d0000]
 total_blobs=8896 nmethods=7990 adapters=818
 compilation: enabled
              stopped_count=0, restarted_count=0
 full_count=0

Compilation events (20 events):
Event: 41.525 Thread 0x0000022643943a10 nmethod 8710 0x0000022629b20a10 code [0x0000022629b20be0, 0x0000022629b20f18]
Event: 41.525 Thread 0x00000226438d6a80 nmethod 8660 0x0000022630b95c90 code [0x0000022630b95e20, 0x0000022630b96158]
Event: 41.525 Thread 0x00000226438d6a80 8674       4       java.util.StringJoiner::checkAddLength (50 bytes)
Event: 41.527 Thread 0x00000226438d6a80 nmethod 8674 0x0000022630b96310 code [0x0000022630b964a0, 0x0000022630b965b8]
Event: 41.530 Thread 0x0000022643943a10 8711       3       org.gradle.internal.event.BroadcastDispatch$CompositeDispatch::dispatch (9 bytes)
Event: 41.530 Thread 0x0000022643943a10 nmethod 8711 0x0000022629b21090 code [0x0000022629b21240, 0x0000022629b21568]
Event: 41.531 Thread 0x0000022643943a10 8712       3       org.gradle.internal.event.BroadcastDispatch$CompositeDispatch::dispatch (10 bytes)
Event: 41.531 Thread 0x0000022643943a10 nmethod 8712 0x0000022629b21690 code [0x0000022629b21820, 0x0000022629b219e8]
Event: 41.531 Thread 0x0000022643943a10 8713       1       org.gradle.launcher.daemon.server.exec.LogToClient::access$100 (5 bytes)
Event: 41.531 Thread 0x0000022643943a10 nmethod 8713 0x0000022630b96710 code [0x0000022630b968a0, 0x0000022630b96958]
Event: 41.534 Thread 0x00000226438d6a80 8714       4       java.lang.invoke.VarHandleByteArrayAsInts$ArrayHandle::set (39 bytes)
Event: 41.537 Thread 0x00000226438d6a80 nmethod 8714 0x0000022630b96a10 code [0x0000022630b96ba0, 0x0000022630b96cf8]
Event: 41.554 Thread 0x0000022643943a10 8715       3       java.lang.ProcessEnvironment$CheckedEntry::getValue (5 bytes)
Event: 41.554 Thread 0x0000022643943a10 nmethod 8715 0x0000022629b21a90 code [0x0000022629b21c40, 0x0000022629b21f88]
Event: 41.554 Thread 0x0000022643943a10 8716       3       java.lang.ProcessEnvironment$CheckedEntry::getValue (13 bytes)
Event: 41.555 Thread 0x0000022643943a10 nmethod 8716 0x0000022629b22090 code [0x0000022629b22240, 0x0000022629b22508]
Event: 41.589 Thread 0x0000022643943a10 8717       3       java.lang.ProcessEnvironment$EntryComparator::compare (13 bytes)
Event: 41.590 Thread 0x0000022643943a10 nmethod 8717 0x0000022629b22610 code [0x0000022629b22800, 0x0000022629b22f68]
Event: 41.590 Thread 0x0000022643943a10 8718       3       java.lang.ProcessEnvironment$EntryComparator::compare (25 bytes)
Event: 41.590 Thread 0x0000022643943a10 nmethod 8718 0x0000022629b23110 code [0x0000022629b232e0, 0x0000022629b237c8]

GC Heap History (20 events):
Event: 31.474 GC heap before
{Heap before GC invocations=19 (full 0):
 garbage-first heap   total 96256K, used 56755K [0x0000000700000000, 0x0000000800000000)
  region size 2048K, 4 young (8192K), 2 survivors (4096K)
 Metaspace       used 53758K, committed 54400K, reserved 491520K
  class space    used 7543K, committed 7808K, reserved 425984K
}
Event: 31.484 GC heap after
{Heap after GC invocations=20 (full 0):
 garbage-first heap   total 96256K, used 56358K [0x0000000700000000, 0x0000000800000000)
  region size 2048K, 1 young (2048K), 1 survivors (2048K)
 Metaspace       used 53758K, committed 54400K, reserved 491520K
  class space    used 7543K, committed 7808K, reserved 425984K
}
Event: 32.213 GC heap before
{Heap before GC invocations=21 (full 0):
 garbage-first heap   total 102400K, used 72742K [0x0000000700000000, 0x0000000800000000)
  region size 2048K, 8 young (16384K), 1 survivors (2048K)
 Metaspace       used 54676K, committed 55360K, reserved 491520K
  class space    used 7681K, committed 8000K, reserved 425984K
}
Event: 32.216 GC heap after
{Heap after GC invocations=22 (full 0):
 garbage-first heap   total 122880K, used 59198K [0x0000000700000000, 0x0000000800000000)
  region size 2048K, 1 young (2048K), 1 survivors (2048K)
 Metaspace       used 54676K, committed 55360K, reserved 491520K
  class space    used 7681K, committed 8000K, reserved 425984K
}
Event: 33.343 GC heap before
{Heap before GC invocations=22 (full 0):
 garbage-first heap   total 122880K, used 87870K [0x0000000700000000, 0x0000000800000000)
  region size 2048K, 15 young (30720K), 1 survivors (2048K)
 Metaspace       used 57464K, committed 58112K, reserved 491520K
  class space    used 8075K, committed 8384K, reserved 425984K
}
Event: 33.348 GC heap after
{Heap after GC invocations=23 (full 0):
 garbage-first heap   total 122880K, used 60183K [0x0000000700000000, 0x0000000800000000)
  region size 2048K, 1 young (2048K), 1 survivors (2048K)
 Metaspace       used 57464K, committed 58112K, reserved 491520K
  class space    used 8075K, committed 8384K, reserved 425984K
}
Event: 34.440 GC heap before
{Heap before GC invocations=24 (full 0):
 garbage-first heap   total 122880K, used 90903K [0x0000000700000000, 0x0000000800000000)
  region size 2048K, 16 young (32768K), 1 survivors (2048K)
 Metaspace       used 59872K, committed 60480K, reserved 491520K
  class space    used 8424K, committed 8704K, reserved 425984K
}
Event: 34.446 GC heap after
{Heap after GC invocations=25 (full 0):
 garbage-first heap   total 122880K, used 61308K [0x0000000700000000, 0x0000000800000000)
  region size 2048K, 2 young (4096K), 2 survivors (4096K)
 Metaspace       used 59872K, committed 60480K, reserved 491520K
  class space    used 8424K, committed 8704K, reserved 425984K
}
Event: 35.309 GC heap before
{Heap before GC invocations=25 (full 0):
 garbage-first heap   total 122880K, used 85884K [0x0000000700000000, 0x0000000800000000)
  region size 2048K, 15 young (30720K), 2 survivors (4096K)
 Metaspace       used 61762K, committed 62336K, reserved 491520K
  class space    used 8752K, committed 9024K, reserved 425984K
}
Event: 35.317 GC heap after
{Heap after GC invocations=26 (full 0):
 garbage-first heap   total 122880K, used 62225K [0x0000000700000000, 0x0000000800000000)
  region size 2048K, 2 young (4096K), 2 survivors (4096K)
 Metaspace       used 61762K, committed 62336K, reserved 491520K
  class space    used 8752K, committed 9024K, reserved 425984K
}
Event: 36.482 GC heap before
{Heap before GC invocations=27 (full 0):
 garbage-first heap   total 122880K, used 99089K [0x0000000700000000, 0x0000000800000000)
  region size 2048K, 18 young (36864K), 2 survivors (4096K)
 Metaspace       used 63388K, committed 64064K, reserved 491520K
  class space    used 9005K, committed 9280K, reserved 425984K
}
Event: 36.494 GC heap after
{Heap after GC invocations=28 (full 0):
 garbage-first heap   total 122880K, used 67809K [0x0000000700000000, 0x0000000800000000)
  region size 2048K, 3 young (6144K), 3 survivors (6144K)
 Metaspace       used 63388K, committed 64064K, reserved 491520K
  class space    used 9005K, committed 9280K, reserved 425984K
}
Event: 37.835 GC heap before
{Heap before GC invocations=28 (full 0):
 garbage-first heap   total 122880K, used 98529K [0x0000000700000000, 0x0000000800000000)
  region size 2048K, 18 young (36864K), 3 survivors (6144K)
 Metaspace       used 64733K, committed 65408K, reserved 491520K
  class space    used 9175K, committed 9472K, reserved 425984K
}
Event: 37.849 GC heap after
{Heap after GC invocations=29 (full 0):
 garbage-first heap   total 122880K, used 71081K [0x0000000700000000, 0x0000000800000000)
  region size 2048K, 3 young (6144K), 3 survivors (6144K)
 Metaspace       used 64733K, committed 65408K, reserved 491520K
  class space    used 9175K, committed 9472K, reserved 425984K
}
Event: 39.827 GC heap before
{Heap before GC invocations=30 (full 0):
 garbage-first heap   total 122880K, used 99753K [0x0000000700000000, 0x0000000800000000)
  region size 2048K, 17 young (34816K), 3 survivors (6144K)
 Metaspace       used 66140K, committed 67008K, reserved 491520K
  class space    used 9373K, committed 9792K, reserved 425984K
}
Event: 39.844 GC heap after
{Heap after GC invocations=31 (full 0):
 garbage-first heap   total 122880K, used 73898K [0x0000000700000000, 0x0000000800000000)
  region size 2048K, 3 young (6144K), 3 survivors (6144K)
 Metaspace       used 66140K, committed 67008K, reserved 491520K
  class space    used 9373K, committed 9792K, reserved 425984K
}
Event: 39.913 GC heap before
{Heap before GC invocations=31 (full 0):
 garbage-first heap   total 122880K, used 75946K [0x0000000700000000, 0x0000000800000000)
  region size 2048K, 4 young (8192K), 3 survivors (6144K)
 Metaspace       used 66334K, committed 67136K, reserved 491520K
  class space    used 9407K, committed 9792K, reserved 425984K
}
Event: 39.922 GC heap after
{Heap after GC invocations=32 (full 0):
 garbage-first heap   total 122880K, used 72661K [0x0000000700000000, 0x0000000800000000)
  region size 2048K, 1 young (2048K), 1 survivors (2048K)
 Metaspace       used 66334K, committed 67136K, reserved 491520K
  class space    used 9407K, committed 9792K, reserved 425984K
}
Event: 41.064 GC heap before
{Heap before GC invocations=32 (full 0):
 garbage-first heap   total 122880K, used 97237K [0x0000000700000000, 0x0000000800000000)
  region size 2048K, 13 young (26624K), 1 survivors (2048K)
 Metaspace       used 67865K, committed 68608K, reserved 491520K
  class space    used 9619K, committed 9984K, reserved 425984K
}
Event: 41.072 GC heap after
{Heap after GC invocations=33 (full 0):
 garbage-first heap   total 122880K, used 73947K [0x0000000700000000, 0x0000000800000000)
  region size 2048K, 2 young (4096K), 2 survivors (4096K)
 Metaspace       used 67865K, committed 68608K, reserved 491520K
  class space    used 9619K, committed 9984K, reserved 425984K
}

Dll operation events (16 events):
Event: 0.056 Loaded shared library C:\Program Files\Microsoft\jdk-17.0.13.11-hotspot\bin\java.dll
Event: 0.152 Loaded shared library C:\Program Files\Microsoft\jdk-17.0.13.11-hotspot\bin\jsvml.dll
Event: 0.622 Loaded shared library C:\Program Files\Microsoft\jdk-17.0.13.11-hotspot\bin\zip.dll
Event: 0.632 Loaded shared library C:\Program Files\Microsoft\jdk-17.0.13.11-hotspot\bin\instrument.dll
Event: 0.650 Loaded shared library C:\Program Files\Microsoft\jdk-17.0.13.11-hotspot\bin\net.dll
Event: 0.655 Loaded shared library C:\Program Files\Microsoft\jdk-17.0.13.11-hotspot\bin\nio.dll
Event: 0.664 Loaded shared library C:\Program Files\Microsoft\jdk-17.0.13.11-hotspot\bin\zip.dll
Event: 2.844 Loaded shared library C:\Program Files\Microsoft\jdk-17.0.13.11-hotspot\bin\jimage.dll
Event: 4.396 Loaded shared library C:\Program Files\Microsoft\jdk-17.0.13.11-hotspot\bin\verify.dll
Event: 5.162 Loaded shared library C:\Users\rajai\.gradle\native\1def1411415f61bf3af743bc5b6707747c0891f09f0c88961ee8f79bc544acac\windows-amd64\native-platform.dll
Event: 5.190 Loaded shared library C:\Users\rajai\.gradle\native\0.2.5\x86_64-windows-gnu\gradle-fileevents.dll
Event: 8.184 Loaded shared library C:\Program Files\Microsoft\jdk-17.0.13.11-hotspot\bin\management.dll
Event: 8.190 Loaded shared library C:\Program Files\Microsoft\jdk-17.0.13.11-hotspot\bin\management_ext.dll
Event: 8.772 Loaded shared library C:\Program Files\Microsoft\jdk-17.0.13.11-hotspot\bin\extnet.dll
Event: 9.724 Loaded shared library C:\Program Files\Microsoft\jdk-17.0.13.11-hotspot\bin\sunmscapi.dll
Event: 12.132 Loaded shared library C:\Users\rajai\AppData\Local\Temp\native-platform5218099059950621827dir\gradle-fileevents.dll

Deoptimization events (20 events):
Event: 41.457 Thread 0x00000226641dc4b0 Uncommon trap: trap_request=0xffffff45 fr.pc=0x0000022630b84da0 relative=0x0000000000000120
Event: 41.457 Thread 0x00000226641dc4b0 Uncommon trap: reason=unstable_if action=reinterpret pc=0x0000022630b84da0 method=java.util.stream.AbstractPipeline.sourceSpliterator(I)Ljava/util/Spliterator; @ 82 c2
Event: 41.457 Thread 0x00000226641dc4b0 DEOPT PACKING pc=0x0000022630b84da0 sp=0x0000005161ff63e0
Event: 41.457 Thread 0x00000226641dc4b0 DEOPT UNPACKING pc=0x00000226301869a3 sp=0x0000005161ff6370 mode 2
Event: 41.504 Thread 0x0000022666b10520 Uncommon trap: trap_request=0xffffff45 fr.pc=0x00000226306ffa90 relative=0x00000000000001f0
Event: 41.504 Thread 0x0000022666b10520 Uncommon trap: reason=unstable_if action=reinterpret pc=0x00000226306ffa90 method=java.lang.ThreadLocal.get()Ljava/lang/Object; @ 11 c2
Event: 41.504 Thread 0x0000022666b10520 DEOPT PACKING pc=0x00000226306ffa90 sp=0x00000051644fe900
Event: 41.504 Thread 0x0000022666b10520 DEOPT UNPACKING pc=0x00000226301869a3 sp=0x00000051644fe898 mode 2
Event: 41.504 Thread 0x0000022666b10520 Uncommon trap: trap_request=0xffffff45 fr.pc=0x0000022630acab90 relative=0x0000000000000830
Event: 41.504 Thread 0x0000022666b10520 Uncommon trap: reason=unstable_if action=reinterpret pc=0x0000022630acab90 method=java.lang.ThreadLocal.setInitialValue()Ljava/lang/Object; @ 16 c2
Event: 41.504 Thread 0x0000022666b10520 DEOPT PACKING pc=0x0000022630acab90 sp=0x00000051644fe830
Event: 41.504 Thread 0x0000022666b10520 DEOPT UNPACKING pc=0x00000226301869a3 sp=0x00000051644fe818 mode 2
Event: 41.532 Thread 0x00000226641dc4b0 Uncommon trap: trap_request=0xffffff45 fr.pc=0x00000226309090e0 relative=0x0000000000000060
Event: 41.532 Thread 0x00000226641dc4b0 Uncommon trap: reason=unstable_if action=reinterpret pc=0x00000226309090e0 method=java.util.HashMap$KeySpliterator.characteristics()I @ 4 c2
Event: 41.532 Thread 0x00000226641dc4b0 DEOPT PACKING pc=0x00000226309090e0 sp=0x0000005161ff6850
Event: 41.533 Thread 0x00000226641dc4b0 DEOPT UNPACKING pc=0x00000226301869a3 sp=0x0000005161ff67e8 mode 2
Event: 41.613 Thread 0x0000022666585b30 Uncommon trap: trap_request=0xffffffde fr.pc=0x00000226309182ac relative=0x00000000000009ac
Event: 41.613 Thread 0x0000022666585b30 Uncommon trap: reason=class_check action=maybe_recompile pc=0x00000226309182ac method=java.io.BufferedInputStream.read1([BII)I @ 39 c2
Event: 41.613 Thread 0x0000022666585b30 DEOPT PACKING pc=0x00000226309182ac sp=0x00000051649fef60
Event: 41.613 Thread 0x0000022666585b30 DEOPT UNPACKING pc=0x00000226301869a3 sp=0x00000051649fee78 mode 2

Classes loaded (20 events):
Event: 41.227 Loading class java/text/ParsePosition
Event: 41.227 Loading class java/text/ParsePosition done
Event: 41.240 Loading class java/text/CharacterIterator
Event: 41.241 Loading class java/text/CharacterIterator done
Event: 41.368 Loading class jdk/internal/reflect/UnsafeObjectFieldAccessorImpl
Event: 41.369 Loading class jdk/internal/reflect/UnsafeObjectFieldAccessorImpl done
Event: 41.452 Loading class java/util/stream/ReferencePipeline$15
Event: 41.452 Loading class java/util/stream/ReferencePipeline$15 done
Event: 41.461 Loading class java/util/stream/ReferencePipeline$15$1
Event: 41.461 Loading class java/util/stream/ReferencePipeline$15$1 done
Event: 41.587 Loading class java/lang/ProcessImpl
Event: 41.588 Loading class java/lang/ProcessImpl done
Event: 41.599 Loading class java/lang/ProcessHandleImpl
Event: 41.599 Loading class java/lang/ProcessHandleImpl done
Event: 41.602 Loading class java/lang/ProcessImpl$2
Event: 41.602 Loading class java/lang/ProcessImpl$2 done
Event: 41.602 Loading class java/lang/Process$PipeInputStream
Event: 41.602 Loading class java/lang/Process$PipeInputStream done
Event: 41.604 Loading class jdk/internal/event/ProcessStartEvent
Event: 41.605 Loading class jdk/internal/event/ProcessStartEvent done

Classes unloaded (0 events):
No events

Classes redefined (0 events):
No events

Internal exceptions (20 events):
Event: 41.165 Thread 0x00000226641dc4b0 Exception <a 'java/lang/IncompatibleClassChangeError'{0x0000000707c433c8}: Found class java.lang.Object, but interface was expected> (0x0000000707c433c8) 
thrown [s\src\hotspot\share\interpreter\linkResolver.cpp, line 826]
Event: 41.308 Thread 0x00000226641dc4b0 Exception <a 'java/lang/ClassNotFoundException'{0x00000007080169d8}: org/gradle/api/internal/project/DefaultAntBuilderBeanInfo> (0x00000007080169d8) 
thrown [s\src\hotspot\share\classfile\systemDictionary.cpp, line 256]
Event: 41.309 Thread 0x00000226641dc4b0 Exception <a 'java/lang/ClassNotFoundException'{0x0000000708025588}: org/gradle/api/internal/project/ant/BasicAntBuilderBeanInfo> (0x0000000708025588) 
thrown [s\src\hotspot\share\classfile\systemDictionary.cpp, line 256]
Event: 41.311 Thread 0x00000226641dc4b0 Exception <a 'java/lang/ClassNotFoundException'{0x0000000708033870}: org/gradle/api/AntBuilderBeanInfo> (0x0000000708033870) 
thrown [s\src\hotspot\share\classfile\systemDictionary.cpp, line 256]
Event: 41.312 Thread 0x00000226641dc4b0 Exception <a 'java/lang/ClassNotFoundException'{0x0000000708042fe8}: groovy/ant/AntBuilderBeanInfo> (0x0000000708042fe8) 
thrown [s\src\hotspot\share\classfile\systemDictionary.cpp, line 256]
Event: 41.313 Thread 0x00000226641dc4b0 Exception <a 'java/lang/ClassNotFoundException'{0x0000000708087220}: groovy/util/BuilderSupportBeanInfo> (0x0000000708087220) 
thrown [s\src\hotspot\share\classfile\systemDictionary.cpp, line 256]
Event: 41.315 Thread 0x00000226641dc4b0 Exception <a 'java/lang/ClassNotFoundException'{0x00000007080cb1c8}: groovy/util/BuilderSupportCustomizer> (0x00000007080cb1c8) 
thrown [s\src\hotspot\share\classfile\systemDictionary.cpp, line 256]
Event: 41.316 Thread 0x00000226641dc4b0 Exception <a 'java/lang/ClassNotFoundException'{0x00000007080dcc78}: groovy/ant/AntBuilderCustomizer> (0x00000007080dcc78) 
thrown [s\src\hotspot\share\classfile\systemDictionary.cpp, line 256]
Event: 41.319 Thread 0x00000226641dc4b0 Exception <a 'java/lang/ClassNotFoundException'{0x00000007080efd90}: org/gradle/api/AntBuilderCustomizer> (0x00000007080efd90) 
thrown [s\src\hotspot\share\classfile\systemDictionary.cpp, line 256]
Event: 41.321 Thread 0x00000226641dc4b0 Exception <a 'java/lang/ClassNotFoundException'{0x0000000708109ab0}: org/gradle/api/internal/project/ant/BasicAntBuilderCustomizer> (0x0000000708109ab0) 
thrown [s\src\hotspot\share\classfile\systemDictionary.cpp, line 256]
Event: 41.342 Thread 0x00000226641dc4b0 Exception <a 'java/lang/ClassNotFoundException'{0x000000070812afa0}: org/gradle/api/internal/project/DefaultAntBuilderCustomizer> (0x000000070812afa0) 
thrown [s\src\hotspot\share\classfile\systemDictionary.cpp, line 256]
Event: 41.410 Thread 0x00000226641dc4b0 Implicit null exception at 0x0000022630908a60 to 0x0000022630908a88
Event: 41.421 Thread 0x00000226641dc4b0 Exception <a 'java/lang/NoSuchMethodError'{0x0000000707f08820}: 'java.lang.Object java.lang.invoke.DirectMethodHandle$Holder.newInvokeSpecial(java.lang.Object, java.lang.Object, java.lang.Object, java.lang.Object, java.lang.Object, java.lang.Object, int)'> (0x0000000707f08820) 
thrown [s\src\hotspot\share\interpreter\linkResolver.cpp, line 759]
Event: 41.422 Thread 0x00000226641dc4b0 Exception <a 'java/lang/NoSuchMethodError'{0x0000000707f0e778}: 'java.lang.Object java.lang.invoke.DirectMethodHandle$Holder.invokeSpecial(java.lang.Object, java.lang.Object, java.lang.Object, java.lang.Object, java.lang.Object, java.lang.Object, java.lang.Object, int)'> (0x0000000707f0e778) 
thrown [s\src\hotspot\share\interpreter\linkResolver.cpp, line 759]
Event: 41.423 Thread 0x00000226641dc4b0 Exception <a 'java/lang/NoSuchMethodError'{0x0000000707f140a0}: 'java.lang.Object java.lang.invoke.Invokers$Holder.linkToTargetMethod(java.lang.Object, java.lang.Object, java.lang.Object, java.lang.Object, java.lang.Object, int, java.lang.Object)'> (0x0000000707f140a0) 
thrown [s\src\hotspot\share\interpreter\linkResolver.cpp, line 759]
Event: 41.504 Thread 0x0000022666b10520 Implicit null exception at 0x00000226306ff8e0 to 0x00000226306ffa7c
Event: 41.504 Thread 0x0000022666b10520 Implicit null exception at 0x0000022630aca3c0 to 0x0000022630acab80
Event: 41.598 Thread 0x000002266658b140 Exception <a 'java/lang/NoSuchMethodError'{0x0000000707be3450}: 'void java.lang.invoke.DirectMethodHandle$Holder.invokeStatic(java.lang.Object, long)'> (0x0000000707be3450) 
thrown [s\src\hotspot\share\interpreter\linkResolver.cpp, line 759]
Event: 41.601 Thread 0x000002266658b140 Exception <a 'java/lang/NoSuchMethodError'{0x0000000707bee528}: 'java.lang.Object java.lang.invoke.DirectMethodHandle$Holder.invokeStatic(java.lang.Object, java.lang.Object, long, java.lang.Object)'> (0x0000000707bee528) 
thrown [s\src\hotspot\share\interpreter\linkResolver.cpp, line 759]
Event: 41.601 Thread 0x000002266658b140 Exception <a 'java/lang/NoSuchMethodError'{0x0000000707bf1d00}: 'java.lang.Object java.lang.invoke.DirectMethodHandle$Holder.invokeStaticInit(java.lang.Object, java.lang.Object, long, java.lang.Object)'> (0x0000000707bf1d00) 
thrown [s\src\hotspot\share\interpreter\linkResolver.cpp, line 759]

VM Operations (20 events):
Event: 38.016 Executing VM operation: G1PauseRemark
Event: 38.025 Executing VM operation: G1PauseRemark done
Event: 38.110 Executing VM operation: G1PauseCleanup
Event: 38.128 Executing VM operation: G1PauseCleanup done
Event: 39.121 Executing VM operation: ICBufferFull
Event: 39.121 Executing VM operation: ICBufferFull done
Event: 39.827 Executing VM operation: G1CollectForAllocation
Event: 39.845 Executing VM operation: G1CollectForAllocation done
Event: 39.913 Executing VM operation: G1CollectForAllocation
Event: 39.922 Executing VM operation: G1CollectForAllocation done
Event: 40.923 Executing VM operation: Cleanup
Event: 40.938 Executing VM operation: Cleanup done
Event: 41.064 Executing VM operation: G1CollectForAllocation
Event: 41.072 Executing VM operation: G1CollectForAllocation done
Event: 41.286 Executing VM operation: G1PauseRemark
Event: 41.296 Executing VM operation: G1PauseRemark done
Event: 41.397 Executing VM operation: G1PauseCleanup
Event: 41.397 Executing VM operation: G1PauseCleanup done
Event: 41.604 Executing VM operation: HandshakeAllThreads
Event: 41.604 Executing VM operation: HandshakeAllThreads done

Memory protections (0 events):
No events

Nmethod flushes (20 events):
Event: 23.888 Thread 0x000002264392e8e0 flushing  nmethod 0x0000022629327810
Event: 23.888 Thread 0x000002264392e8e0 flushing  nmethod 0x000002262932f110
Event: 23.888 Thread 0x000002264392e8e0 flushing  nmethod 0x0000022629339510
Event: 23.888 Thread 0x000002264392e8e0 flushing  nmethod 0x000002262935ee90
Event: 23.888 Thread 0x000002264392e8e0 flushing  nmethod 0x000002262935f390
Event: 23.888 Thread 0x000002264392e8e0 flushing  nmethod 0x0000022629364890
Event: 23.888 Thread 0x000002264392e8e0 flushing  nmethod 0x0000022629369310
Event: 23.888 Thread 0x000002264392e8e0 flushing  nmethod 0x0000022629369690
Event: 23.888 Thread 0x000002264392e8e0 flushing  nmethod 0x000002262936c990
Event: 23.888 Thread 0x000002264392e8e0 flushing  nmethod 0x0000022629377710
Event: 23.888 Thread 0x000002264392e8e0 flushing  nmethod 0x0000022629378510
Event: 23.888 Thread 0x000002264392e8e0 flushing  nmethod 0x0000022629379210
Event: 23.888 Thread 0x000002264392e8e0 flushing  nmethod 0x0000022629379890
Event: 23.888 Thread 0x000002264392e8e0 flushing  nmethod 0x0000022629379d90
Event: 23.888 Thread 0x000002264392e8e0 flushing  nmethod 0x000002262937af10
Event: 23.888 Thread 0x000002264392e8e0 flushing  nmethod 0x000002262937f310
Event: 23.888 Thread 0x000002264392e8e0 flushing  nmethod 0x00000226293ba610
Event: 23.889 Thread 0x000002264392e8e0 flushing  nmethod 0x00000226294b2d90
Event: 36.903 Thread 0x000002264392e8e0 flushing  nmethod 0x0000022628d76690
Event: 36.909 Thread 0x000002264392e8e0 flushing  nmethod 0x000002262923c310

Events (20 events):
Event: 30.283 Thread 0x00000226641dc4b0 Thread added: 0x0000022666b16550
Event: 30.284 Thread 0x00000226641dc4b0 Thread added: 0x0000022666b16f70
Event: 32.224 Thread 0x0000022666d3c5a0 Thread exited: 0x0000022666d3c5a0
Event: 32.696 Thread 0x00000226641dc4b0 Thread added: 0x0000022666b17480
Event: 34.563 Thread 0x00000226641dc4b0 Thread added: 0x0000022666b10010
Event: 35.340 Thread 0x0000022643943a10 Thread added: 0x0000022666d3d040
Event: 35.459 Thread 0x0000022666d3d040 Thread exited: 0x0000022666d3d040
Event: 36.685 Thread 0x0000022643943a10 Thread added: 0x0000022666d3c5a0
Event: 37.483 Thread 0x0000022666d3c5a0 Thread exited: 0x0000022666d3c5a0
Event: 37.583 Thread 0x0000022643943a10 Thread added: 0x0000022666d3bb00
Event: 40.835 Thread 0x0000022666d3bb00 Thread exited: 0x0000022666d3bb00
Event: 41.077 Thread 0x0000022643943a10 Thread added: 0x0000022666d3d040
Event: 41.276 Thread 0x0000022666d3d040 Thread exited: 0x0000022666d3d040
Event: 41.408 Thread 0x0000022643943a10 Thread added: 0x0000022666d3b5b0
Event: 41.460 Thread 0x00000226641dc4b0 Thread added: 0x0000022666b10520
Event: 41.503 Thread 0x0000022666b10520 Thread added: 0x0000022666b10a30
Event: 41.504 Thread 0x0000022666b10520 Thread added: 0x0000022666b10f40
Event: 41.581 Thread 0x00000226641dc4b0 Thread added: 0x000002266658b140
Event: 41.608 Thread 0x000002266658b140 Thread added: 0x0000022666585110
Event: 41.609 Thread 0x000002266658b140 Thread added: 0x0000022666585b30


Dynamic libraries:
0x00007ff65dfa0000 - 0x00007ff65dfae000 	C:\Program Files\Microsoft\jdk-17.0.13.11-hotspot\bin\java.exe
0x00007ff9f4470000 - 0x00007ff9f4668000 	C:\Windows\SYSTEM32\ntdll.dll
0x00007ff9f42b0000 - 0x00007ff9f4372000 	C:\Windows\System32\KERNEL32.DLL
0x00007ff9f1e40000 - 0x00007ff9f2136000 	C:\Windows\System32\KERNELBASE.dll
0x00007ff9f2390000 - 0x00007ff9f2490000 	C:\Windows\System32\ucrtbase.dll
0x00007ff9eb650000 - 0x00007ff9eb667000 	C:\Program Files\Microsoft\jdk-17.0.13.11-hotspot\bin\jli.dll
0x00007ff9f3d10000 - 0x00007ff9f3eb1000 	C:\Windows\System32\USER32.dll
0x00007ff9f1c60000 - 0x00007ff9f1c82000 	C:\Windows\System32\win32u.dll
0x00007ff9f3b00000 - 0x00007ff9f3b2b000 	C:\Windows\System32\GDI32.dll
0x00007ff9f21d0000 - 0x00007ff9f22e9000 	C:\Windows\System32\gdi32full.dll
0x00007ff9f22f0000 - 0x00007ff9f238d000 	C:\Windows\System32\msvcp_win.dll
0x00007ff9eb850000 - 0x00007ff9eb86d000 	C:\Program Files\Microsoft\jdk-17.0.13.11-hotspot\bin\VCRUNTIME140.dll
0x00007ff9df560000 - 0x00007ff9df7fb000 	C:\Windows\WinSxS\amd64_microsoft.windows.common-controls_6595b64144ccf1df_6.0.19041.6456_none_60b8a6cb71f64256\COMCTL32.dll
0x00007ff9f3070000 - 0x00007ff9f310e000 	C:\Windows\System32\msvcrt.dll
0x00007ff9f35e0000 - 0x00007ff9f360f000 	C:\Windows\System32\IMM32.DLL
0x00007ff9ebb40000 - 0x00007ff9ebb4c000 	C:\Program Files\Microsoft\jdk-17.0.13.11-hotspot\bin\vcruntime140_1.dll
0x00007ff9be190000 - 0x00007ff9be21d000 	C:\Program Files\Microsoft\jdk-17.0.13.11-hotspot\bin\msvcp140.dll
0x00007ff968ee0000 - 0x00007ff969b51000 	C:\Program Files\Microsoft\jdk-17.0.13.11-hotspot\bin\server\jvm.dll
0x00007ff9f3930000 - 0x00007ff9f39e1000 	C:\Windows\System32\ADVAPI32.dll
0x00007ff9f3b40000 - 0x00007ff9f3bdf000 	C:\Windows\System32\sechost.dll
0x00007ff9f32e0000 - 0x00007ff9f3400000 	C:\Windows\System32\RPCRT4.dll
0x00007ff9f1b80000 - 0x00007ff9f1ba7000 	C:\Windows\System32\bcrypt.dll
0x00007ff9f3700000 - 0x00007ff9f376b000 	C:\Windows\System32\WS2_32.dll
0x00007ff9f1960000 - 0x00007ff9f19ab000 	C:\Windows\SYSTEM32\POWRPROF.dll
0x00007ff9dbeb0000 - 0x00007ff9dbed7000 	C:\Windows\SYSTEM32\WINMM.dll
0x00007ff9ea0c0000 - 0x00007ff9ea0ca000 	C:\Windows\SYSTEM32\VERSION.dll
0x00007ff9f1940000 - 0x00007ff9f1952000 	C:\Windows\SYSTEM32\UMPDC.dll
0x00007ff9f02d0000 - 0x00007ff9f02e2000 	C:\Windows\SYSTEM32\kernel.appcore.dll
0x00007ff9eba00000 - 0x00007ff9eba0a000 	C:\Program Files\Microsoft\jdk-17.0.13.11-hotspot\bin\jimage.dll
0x00007ff9ef800000 - 0x00007ff9efa01000 	C:\Windows\SYSTEM32\DBGHELP.DLL
0x00007ff9cd7c0000 - 0x00007ff9cd7f4000 	C:\Windows\SYSTEM32\dbgcore.DLL
0x00007ff9f2140000 - 0x00007ff9f21c2000 	C:\Windows\System32\bcryptPrimitives.dll
0x00007ff9c1fc0000 - 0x00007ff9c1fce000 	C:\Program Files\Microsoft\jdk-17.0.13.11-hotspot\bin\instrument.dll
0x00007ff9e43b0000 - 0x00007ff9e43d5000 	C:\Program Files\Microsoft\jdk-17.0.13.11-hotspot\bin\java.dll
0x00007ff9a9d70000 - 0x00007ff9a9e47000 	C:\Program Files\Microsoft\jdk-17.0.13.11-hotspot\bin\jsvml.dll
0x00007ff9f2900000 - 0x00007ff9f3070000 	C:\Windows\System32\SHELL32.dll
0x00007ff9efa10000 - 0x00007ff9f01b5000 	C:\Windows\SYSTEM32\windows.storage.dll
0x00007ff9f3f50000 - 0x00007ff9f42a4000 	C:\Windows\System32\combase.dll
0x00007ff9f1450000 - 0x00007ff9f147b000 	C:\Windows\SYSTEM32\Wldp.dll
0x00007ff9f3630000 - 0x00007ff9f36fd000 	C:\Windows\System32\OLEAUT32.dll
0x00007ff9f39f0000 - 0x00007ff9f3a9d000 	C:\Windows\System32\SHCORE.dll
0x00007ff9f3580000 - 0x00007ff9f35db000 	C:\Windows\System32\shlwapi.dll
0x00007ff9f1a30000 - 0x00007ff9f1a54000 	C:\Windows\SYSTEM32\profapi.dll
0x00007ff9ea6b0000 - 0x00007ff9ea6c8000 	C:\Program Files\Microsoft\jdk-17.0.13.11-hotspot\bin\zip.dll
0x00007ff9eb550000 - 0x00007ff9eb56a000 	C:\Program Files\Microsoft\jdk-17.0.13.11-hotspot\bin\net.dll
0x00007ff9e8a80000 - 0x00007ff9e8b8a000 	C:\Windows\SYSTEM32\WINHTTP.dll
0x00007ff9f11b0000 - 0x00007ff9f121a000 	C:\Windows\system32\mswsock.dll
0x00007ff9ea7a0000 - 0x00007ff9ea7b6000 	C:\Program Files\Microsoft\jdk-17.0.13.11-hotspot\bin\nio.dll
0x00007ff9c4140000 - 0x00007ff9c4150000 	C:\Program Files\Microsoft\jdk-17.0.13.11-hotspot\bin\verify.dll
0x00007ff98c330000 - 0x00007ff98c357000 	C:\Users\rajai\.gradle\native\1def1411415f61bf3af743bc5b6707747c0891f09f0c88961ee8f79bc544acac\windows-amd64\native-platform.dll
0x0000000069010000 - 0x0000000069083000 	C:\Users\rajai\.gradle\native\0.2.5\x86_64-windows-gnu\gradle-fileevents.dll
0x00007ff9eb8c0000 - 0x00007ff9eb8ca000 	C:\Program Files\Microsoft\jdk-17.0.13.11-hotspot\bin\management.dll
0x00007ff9eaa40000 - 0x00007ff9eaa4b000 	C:\Program Files\Microsoft\jdk-17.0.13.11-hotspot\bin\management_ext.dll
0x00007ff9f3610000 - 0x00007ff9f3618000 	C:\Windows\System32\PSAPI.DLL
0x00007ff9f13b0000 - 0x00007ff9f13c8000 	C:\Windows\SYSTEM32\CRYPTSP.dll
0x00007ff9f0aa0000 - 0x00007ff9f0ad8000 	C:\Windows\system32\rsaenh.dll
0x00007ff9f19f0000 - 0x00007ff9f1a1e000 	C:\Windows\SYSTEM32\USERENV.dll
0x00007ff9f13a0000 - 0x00007ff9f13ac000 	C:\Windows\SYSTEM32\CRYPTBASE.dll
0x00007ff9f0e90000 - 0x00007ff9f0ecb000 	C:\Windows\SYSTEM32\IPHLPAPI.DLL
0x00007ff9f3620000 - 0x00007ff9f3628000 	C:\Windows\System32\NSI.dll
0x00007ff9e7f90000 - 0x00007ff9e7fa7000 	C:\Windows\SYSTEM32\dhcpcsvc6.DLL
0x00007ff9e8880000 - 0x00007ff9e889d000 	C:\Windows\SYSTEM32\dhcpcsvc.DLL
0x00007ff9f0ed0000 - 0x00007ff9f0f9a000 	C:\Windows\SYSTEM32\DNSAPI.dll
0x00007ff9ea640000 - 0x00007ff9ea649000 	C:\Program Files\Microsoft\jdk-17.0.13.11-hotspot\bin\extnet.dll
0x00007ff9ea650000 - 0x00007ff9ea65e000 	C:\Program Files\Microsoft\jdk-17.0.13.11-hotspot\bin\sunmscapi.dll
0x00007ff9f1c90000 - 0x00007ff9f1ded000 	C:\Windows\System32\CRYPT32.dll
0x00007ff9f14c0000 - 0x00007ff9f14e7000 	C:\Windows\SYSTEM32\ncrypt.dll
0x00007ff9f1480000 - 0x00007ff9f14bb000 	C:\Windows\SYSTEM32\NTASN1.dll
0x00007ff99b550000 - 0x00007ff99b557000 	C:\Windows\system32\wshunix.dll
0x0000000068f10000 - 0x0000000068f83000 	C:\Users\rajai\AppData\Local\Temp\native-platform5218099059950621827dir\gradle-fileevents.dll
0x00007ff99b3f0000 - 0x00007ff99b407000 	C:\Windows\system32\napinsp.dll
0x00007ff99b120000 - 0x00007ff99b13b000 	C:\Windows\system32\pnrpnsp.dll
0x00007ff9ecce0000 - 0x00007ff9eccfd000 	C:\Windows\system32\wshbth.dll
0x00007ff9e9a90000 - 0x00007ff9e9aad000 	C:\Windows\system32\NLAapi.dll
0x00007ff99b100000 - 0x00007ff99b112000 	C:\Windows\System32\winrnr.dll
0x0000000068c70000 - 0x0000000068c96000 	C:\Program Files\Bonjour\mdnsNSP.dll
0x00007ff9de300000 - 0x00007ff9de30a000 	C:\Windows\System32\rasadhlp.dll
0x00007ff9dd990000 - 0x00007ff9dda10000 	C:\Windows\System32\fwpuclnt.dll

dbghelp: loaded successfully - version: 4.0.5 - missing functions: none
symbol engine: initialized successfully - sym options: 0x614 - pdb path: .;C:\Program Files\Microsoft\jdk-17.0.13.11-hotspot\bin;C:\Windows\SYSTEM32;C:\Windows\WinSxS\amd64_microsoft.windows.common-controls_6595b64144ccf1df_6.0.19041.6456_none_60b8a6cb71f64256;C:\Program Files\Microsoft\jdk-17.0.13.11-hotspot\bin\server;C:\Users\rajai\.gradle\native\1def1411415f61bf3af743bc5b6707747c0891f09f0c88961ee8f79bc544acac\windows-amd64;C:\Users\rajai\.gradle\native\0.2.5\x86_64-windows-gnu;C:\Users\rajai\AppData\Local\Temp\native-platform5218099059950621827dir;C:\Program Files\Bonjour

VM Arguments:
jvm_args: --add-opens=java.base/java.lang=ALL-UNNAMED --add-opens=java.base/java.lang.invoke=ALL-UNNAMED --add-opens=java.base/java.util=ALL-UNNAMED --add-opens=java.prefs/java.util.prefs=ALL-UNNAMED --add-exports=jdk.compiler/com.sun.tools.javac.api=ALL-UNNAMED --add-exports=jdk.compiler/com.sun.tools.javac.util=ALL-UNNAMED --add-opens=java.base/java.util=ALL-UNNAMED --add-opens=java.prefs/java.util.prefs=ALL-UNNAMED --add-opens=java.base/java.nio.charset=ALL-UNNAMED --add-opens=java.base/java.net=ALL-UNNAMED --add-opens=java.base/java.util.concurrent.atomic=ALL-UNNAMED --add-opens=java.xml/javax.xml.namespace=ALL-UNNAMED -XX:MaxMetaspaceSize=512m -Xmx4096m -Dfile.encoding=UTF-8 -Duser.country=IN -Duser.language=en -Duser.variant -javaagent:C:\Users\rajai\.gradle\wrapper\dists\gradle-8.12-all\ejduaidbjup3bmmkhw3rie4zb\gradle-8.12\lib\agents\gradle-instrumentation-agent-8.12.jar 
java_command: org.gradle.launcher.daemon.bootstrap.GradleDaemon 8.12
java_class_path (initial): C:\Users\rajai\.gradle\wrapper\dists\gradle-8.12-all\ejduaidbjup3bmmkhw3rie4zb\gradle-8.12\lib\gradle-daemon-main-8.12.jar
Launcher Type: SUN_STANDARD

[Global flags]
     intx CICompilerCount                          = 3                                         {product} {ergonomic}
   size_t CompressedClassSpaceSize                 = 436207616                                 {product} {ergonomic}
     uint ConcGCThreads                            = 1                                         {product} {ergonomic}
     uint G1ConcRefinementThreads                  = 4                                         {product} {ergonomic}
   size_t G1HeapRegionSize                         = 2097152                                   {product} {ergonomic}
    uintx GCDrainStackTargetSize                   = 64                                        {product} {ergonomic}
   size_t InitialHeapSize                          = 132120576                                 {product} {ergonomic}
   size_t MarkStackSize                            = 4194304                                   {product} {ergonomic}
   size_t MaxHeapSize                              = 4294967296                                {product} {command line}
   size_t MaxMetaspaceSize                         = 536870912                                 {product} {command line}
   size_t MaxNewSize                               = 2575302656                                {product} {ergonomic}
   size_t MinHeapDeltaBytes                        = 2097152                                   {product} {ergonomic}
   size_t MinHeapSize                              = 8388608                                   {product} {ergonomic}
    uintx NonNMethodCodeHeapSize                   = 5832780                                {pd product} {ergonomic}
    uintx NonProfiledCodeHeapSize                  = 122912730                              {pd product} {ergonomic}
    uintx ProfiledCodeHeapSize                     = 122912730                              {pd product} {ergonomic}
    uintx ReservedCodeCacheSize                    = 251658240                              {pd product} {ergonomic}
     bool SegmentedCodeCache                       = true                                      {product} {ergonomic}
   size_t SoftMaxHeapSize                          = 4294967296                             {manageable} {ergonomic}
     bool UseCompressedClassPointers               = true                           {product lp64_product} {ergonomic}
     bool UseCompressedOops                        = true                           {product lp64_product} {ergonomic}
     bool UseG1GC                                  = true                                      {product} {ergonomic}
     bool UseLargePagesIndividualAllocation        = false                                  {pd product} {ergonomic}

Logging:
Log output configuration:
 #0: stdout all=warning uptime,level,tags
 #1: stderr all=off uptime,level,tags

Environment Variables:
JAVA_HOME=C:\Program Files\Microsoft\jdk-17.0.13.11-hotspot\
CLASSPATH=G:\PhotoApp\android\\gradle\wrapper\gradle-wrapper.jar
PATH=G:\PhotoApp\node_modules\.bin;G:\PhotoApp\node_modules\.bin;G:\node_modules\.bin;C:\Users\rajai\AppData\Roaming\npm\node_modules\npm\node_modules\@npmcli\run-script\lib\node-gyp-bin;C:\Program Files\Microsoft\jdk-17.0.13.11-hotspot\bin;C:\Python312\Scripts\;C:\Python312\;C:\Program Files (x86)\Common Files\Intel\Shared Libraries\redist\intel64\compiler;C:\Windows\system32;C:\Windows;C:\Windows\System32\Wbem;C:\Windows\System32\WindowsPowerShell\v1.0\;C:\Windows\System32\OpenSSH\;C:\Program Files\Git\cmd;C:\Program Files\dotnet\;C:\Program Files (x86)\Intel\Intel(R) Management Engine Components\DAL;C:\Program Files\Intel\Intel(R) Management Engine Components\DAL;C:\Program Files\Microsoft SQL Server\150\Tools\Binn\;C:\Program Files\Microsoft SQL Server\Client SDK\ODBC\170\Tools\Binn\;C:\ProgramData\chocolatey\bin;C:\Program Files\nodejs\;C:\Users\rajai\AppData\Local\Android\Sdk\platform-tools;C:\Users\rajai\AppData\Local\Android\Sdk\tools;C:\Users\rajai\AppData\Local\Android\Sdk\tools;C:\Users\rajai\AppData\Local\Microsoft\WindowsApps;C:\Users\rajai\.dotnet\tools;C:\Users\rajai\AppData\Local\Programs\Microsoft VS Code\bin;C:\Users\rajai\AppData\Roaming\npm;C:\Program Files\Microsoft\jdk-17.0.13.11-hotspot\\bin;C:\Users\rajai\Downloads\OpenJDK19U-jdk_x64_windows_hotspot_19.0.2_7\jdk-19.0.2+7\bin;C:\Users\rajai\AppData\Local\Android\Sdk\cmdline-tools\16.0\bin;C:\Users\rajai\AppData\Roaming\npm;
USERNAME=rajai
LANG=en_US.UTF-8
OS=Windows_NT
PROCESSOR_IDENTIFIER=Intel64 Family 6 Model 142 Stepping 9, GenuineIntel
TMP=C:\Users\rajai\AppData\Local\Temp
TEMP=C:\Users\rajai\AppData\Local\Temp



Periodic native trim disabled


---------------  S Y S T E M  ---------------

OS:
 Windows 10 , 64 bit Build 19041 (10.0.19041.5915)
OS uptime: 0 days 17:43 hours
Hyper-V role detected

CPU: total 4 (initial active 4) (2 cores per cpu, 2 threads per core) family 6 model 142 stepping 9 microcode 0xf0, cx8, cmov, fxsr, ht, mmx, 3dnowpref, sse, sse2, sse3, ssse3, sse4.1, sse4.2, popcnt, lzcnt, tsc, tscinvbit, avx, avx2, aes, erms, clmul, bmi1, bmi2, adx, fma, vzeroupper, clflush, clflushopt, hv
Processor Information for the first 4 processors :
  Max Mhz: 2300, Current Mhz: 2300, Mhz Limit: 2300

Memory: 4k page, system-wide physical 8057M (415M free)
TotalPageFile size 16249M (AvailPageFile size 2M)
current process WorkingSet (physical memory assigned to process): 331M, peak: 333M
current process commit charge ("private bytes"): 372M, peak: 375M

vm_info: OpenJDK 64-Bit Server VM (17.0.13+11-LTS) for windows-amd64 JRE (17.0.13+11-LTS), built on Oct 11 2024 23:25:05 by "MicrosoftCorporation" with unknown MS VC++:1939

END.
